2025-05-16 17:33:20:3320 [error]: Error in notifyHost: SocketService not initialized
2025-05-16 17:48:21:4821 [error]: [Error Handler]: Path: /api/v1/booking, Method: POST, Status: 400, You already have a pending booking.
2025-05-16 18:05:30:530 [error]: [Error Handler]: Path: /api/v1/booking, Method: POST, Status: 400, You already have a pending booking.
2025-05-16 19:44:32:4432 [error]: UNHANDLED REJECTION! 💥 Shutting down...
2025-05-16 19:56:44:5644 [error]: UNHANDLED REJECTION! 💥 Shutting down...
2025-05-16 19:56:53:5653 [error]: UNHANDLED REJECTION! 💥 Shutting down...
2025-05-16 20:01:02:12 [error]: UNHANDLED REJECTION! 💥 Shutting down...
2025-05-16 20:01:05:15 [error]: UNHANDLED REJECTION! 💥 Shutting down...
2025-05-16 20:02:57:257 [error]: UNHANDLED REJECTION! 💥 Shutting down...
2025-05-16 20:03:02:32 [error]: UNHANDLED REJECTION! 💥 Shutting down...
2025-05-16 20:03:05:35 [error]: UNHANDLED REJECTION! 💥 Shutting down...
2025-05-16 20:03:14:314 [error]: UNHANDLED REJECTION! 💥 Shutting down...
2025-05-16 20:03:17:317 [error]: UNHANDLED REJECTION! 💥 Shutting down...
2025-05-16 20:03:21:321 [error]: UNHANDLED REJECTION! 💥 Shutting down...
2025-05-16 20:04:43:443 [error]: UNHANDLED REJECTION! 💥 Shutting down...
2025-05-16 20:05:07:57 [error]: UNHANDLED REJECTION! 💥 Shutting down...
2025-05-16 20:05:14:514 [error]: UNHANDLED REJECTION! 💥 Shutting down...
2025-05-16 20:05:17:517 [error]: UNHANDLED REJECTION! 💥 Shutting down...
2025-05-16 20:05:40:540 [error]: UNHANDLED REJECTION! 💥 Shutting down...
2025-05-16 20:05:48:548 [error]: UNHANDLED REJECTION! 💥 Shutting down...
2025-05-16 20:10:54:1054 [error]: UNHANDLED REJECTION! 💥 Shutting down...
2025-05-16 20:11:06:116 [error]: UNHANDLED REJECTION! 💥 Shutting down...
2025-05-16 20:11:20:1120 [error]: UNHANDLED REJECTION! 💥 Shutting down...
2025-05-16 20:11:26:1126 [error]: UNHANDLED REJECTION! 💥 Shutting down...
2025-05-20 13:52:03:523 [error]: [Error Handler]: Path: /api/v1/booking, Method: POST, Status: 400, Property not available for selected dates
2025-05-20 14:43:15:4315 [error]: Failed to connect to Redis queues: redisConnection is not defined
2025-05-20 14:43:27:4327 [error]: Failed to connect to Redis queues: IORedis is not defined
2025-05-20 14:43:37:4337 [error]: Failed to connect to Redis queues: bookingQueue.waitUntilReady is not a function
2025-05-20 15:32:28:3228 [error]: Redis connection error: read ECONNRESET
2025-05-20 15:39:33:3933 [error]: Redis connection error: read ECONNRESET
2025-05-20 16:35:01:351 [error]: Redis connection error: read ECONNRESET
2025-05-20 16:37:48:3748 [error]: [Error Handler]: Path: /api/v1/booking, Method: POST, Status: 400, Property not available for selected dates
2025-05-20 16:37:59:3759 [error]: [Error Handler]: Path: /api/v1/booking, Method: POST, Status: 400, Property not available for selected dates
2025-05-20 16:38:08:388 [error]: [Error Handler]: Path: /api/v1/booking, Method: POST, Status: 400, Property not available for selected dates
2025-05-20 16:38:22:3822 [error]: [Error Handler]: Path: /api/v1/booking, Method: POST, Status: 400, Property not available for selected dates
2025-05-20 16:38:37:3837 [error]: [Error Handler]: Path: /api/v1/booking, Method: POST, Status: 400, Property not available for selected dates
2025-05-20 16:40:12:4012 [error]: [Error Handler]: Path: /api/v1/booking, Method: POST, Status: 400, You already have a pending booking.
2025-05-20 17:30:59:3059 [error]: [Error Handler]: Path: /api/v1/booking, Method: POST, Status: 400, Property not available for selected dates
2025-05-20 17:31:12:3112 [error]: [Error Handler]: Path: /api/v1/booking, Method: POST, Status: 400, Property not available for selected dates
2025-05-20 17:33:14:3314 [error]: [Error Handler]: Path: /api/v1/booking, Method: POST, Status: 400, Property not available for selected dates
2025-05-20 17:35:02:352 [error]: [Error Handler]: Path: /api/v1/booking, Method: POST, Status: 400, Property not available for selected dates
2025-05-20 17:35:26:3526 [error]: [Error Handler]: Path: /api/v1/booking, Method: POST, Status: 400, Property not available for selected dates
2025-05-20 17:37:38:3738 [error]: [Error Handler]: Path: /api/v1/booking, Method: POST, Status: 500, print is not defined
